<?xml version="1.0" encoding="UTF-8"?>
<!-- Generated by org.testng.reporters.JUnitReportReporter -->
<testsuite hostname="Farghali" failures="0" tests="2" name="Tests.TCs" time="37.732" errors="0" timestamp="2022-07-20T15:43:08 EET" skipped="0">
  <testcase classname="Tests.TCs" name="test1" time="5.594"/>
  <system-out/>
  <testcase classname="Tests.TCs" name="test2" time="32.138"/>
  <system-out/>
</testsuite> <!-- Tests.TCs -->
