<?xml version="1.0" encoding="UTF-8"?>
<!-- Generated by org.testng.reporters.JUnitReportReporter -->
<testsuite hostname="Farghali" failures="0" tests="1" name="Tests.CreateNewProduct" time="1.741" errors="0" timestamp="2022-07-20T12:26:14 EET" skipped="0">
  <testcase classname="Tests.CreateNewProduct" name="test" time="1.741"/>
  <system-out/>
</testsuite> <!-- Tests.CreateNewProduct -->
